<?xml version="1.0" encoding="UTF-8"?>
<coverage generated="1655019128">
  <project timestamp="1655019128">
    <file name="/var/www/src/CustomHooks/PhpUnitHook.php">
      <class name="Bruha\CodingStandard\CustomHooks\PhpUnitHook" namespace="global">
        <metrics complexity="4" methods="2" coveredmethods="2" conditionals="0" coveredconditionals="0" statements="9" coveredstatements="9" elements="11" coveredelements="11"/>
      </class>
      <line num="44" type="method" name="executeAfterTest" visibility="public" complexity="1" crap="1" count="2"/>
      <line num="46" type="stmt" count="2"/>
      <line num="47" type="stmt" count="2"/>
      <line num="48" type="stmt" count="2"/>
      <line num="54" type="method" name="executeAfterLastTest" visibility="public" complexity="2" crap="2" count="1"/>
      <line num="56" type="stmt" count="1"/>
      <line num="58" type="stmt" count="1"/>
      <line num="62" type="stmt" count="1"/>
      <line num="63" type="stmt" count="1"/>
      <line num="67" type="stmt" count="1"/>
      <line num="68" type="stmt" count="1"/>
      <metrics loc="73" ncloc="49" classes="1" methods="2" coveredmethods="2" conditionals="0" coveredconditionals="0" statements="9" coveredstatements="9" elements="11" coveredelements="11"/>
    </file>
    <file name="/var/www/src/CustomReports/PhpCodeSnifferReport.php">
      <class name="Bruha\CodingStandard\CustomReports\PhpCodeSnifferReport" namespace="global">
        <metrics complexity="8" methods="3" coveredmethods="3" conditionals="0" coveredconditionals="0" statements="10" coveredstatements="10" elements="13" coveredelements="13"/>
      </class>
      <line num="24" type="method" name="__construct" visibility="public" complexity="1" crap="1" count="2"/>
      <line num="26" type="stmt" count="2"/>
      <line num="37" type="method" name="generateFileReport" visibility="public" complexity="5" crap="5" count="1"/>
      <line num="47" type="stmt" count="1"/>
      <line num="48" type="stmt" count="1"/>
      <line num="50" type="stmt" count="1"/>
      <line num="51" type="stmt" count="1"/>
      <line num="52" type="stmt" count="1"/>
      <line num="53" type="stmt" count="1"/>
      <line num="59" type="stmt" count="1"/>
      <line num="73" type="method" name="generate" visibility="public" complexity="2" crap="2" count="1"/>
      <line num="93" type="stmt" count="1"/>
      <line num="94" type="stmt" count="1"/>
      <metrics loc="99" ncloc="69" classes="1" methods="3" coveredmethods="3" conditionals="0" coveredconditionals="0" statements="10" coveredstatements="10" elements="13" coveredelements="13"/>
    </file>
    <file name="/var/www/src/CustomReports/PhpStanReport.php">
      <class name="Bruha\CodingStandard\CustomReports\PhpStanReport" namespace="global">
        <metrics complexity="9" methods="2" coveredmethods="2" conditionals="0" coveredconditionals="0" statements="20" coveredstatements="20" elements="22" coveredelements="22"/>
      </class>
      <line num="26" type="method" name="__construct" visibility="public" complexity="1" crap="1" count="1"/>
      <line num="28" type="stmt" count="1"/>
      <line num="37" type="method" name="formatErrors" visibility="public" complexity="8" crap="8" count="1"/>
      <line num="39" type="stmt" count="1"/>
      <line num="42" type="stmt" count="1"/>
      <line num="44" type="stmt" count="1"/>
      <line num="45" type="stmt" count="1"/>
      <line num="46" type="stmt" count="1"/>
      <line num="49" type="stmt" count="1"/>
      <line num="52" type="stmt" count="1"/>
      <line num="53" type="stmt" count="1"/>
      <line num="54" type="stmt" count="1"/>
      <line num="56" type="stmt" count="1"/>
      <line num="57" type="stmt" count="1"/>
      <line num="58" type="stmt" count="1"/>
      <line num="60" type="stmt" count="1"/>
      <line num="64" type="stmt" count="1"/>
      <line num="65" type="stmt" count="1"/>
      <line num="66" type="stmt" count="1"/>
      <line num="69" type="stmt" count="1"/>
      <line num="70" type="stmt" count="1"/>
      <line num="73" type="stmt" count="1"/>
      <metrics loc="77" ncloc="59" classes="1" methods="2" coveredmethods="2" conditionals="0" coveredconditionals="0" statements="20" coveredstatements="20" elements="22" coveredelements="22"/>
    </file>
    <file name="/var/www/src/CustomRules/Analyzer.php">
      <class name="Bruha\CodingStandard\CustomRules\Analyzer" namespace="global">
        <metrics complexity="14" methods="3" coveredmethods="3" conditionals="0" coveredconditionals="0" statements="52" coveredstatements="52" elements="55" coveredelements="55"/>
      </class>
      <line num="20" type="method" name="phpCodeSniffer" visibility="public" complexity="8" crap="8" count="1"/>
      <line num="22" type="stmt" count="1"/>
      <line num="23" type="stmt" count="1"/>
      <line num="24" type="stmt" count="1"/>
      <line num="25" type="stmt" count="1"/>
      <line num="26" type="stmt" count="1"/>
      <line num="28" type="stmt" count="1"/>
      <line num="29" type="stmt" count="1"/>
      <line num="30" type="stmt" count="1"/>
      <line num="32" type="stmt" count="1"/>
      <line num="35" type="stmt" count="1"/>
      <line num="36" type="stmt" count="1"/>
      <line num="38" type="stmt" count="1"/>
      <line num="41" type="stmt" count="1"/>
      <line num="42" type="stmt" count="1"/>
      <line num="50" type="stmt" count="1"/>
      <line num="51" type="stmt" count="1"/>
      <line num="53" type="stmt" count="1"/>
      <line num="55" type="stmt" count="1"/>
      <line num="61" type="stmt" count="1"/>
      <line num="63" type="stmt" count="1"/>
      <line num="66" type="stmt" count="1"/>
      <line num="67" type="stmt" count="1"/>
      <line num="68" type="stmt" count="1"/>
      <line num="72" type="stmt" count="1"/>
      <line num="78" type="stmt" count="1"/>
      <line num="81" type="stmt" count="1"/>
      <line num="89" type="method" name="phpUnit" visibility="public" complexity="3" crap="3" count="1"/>
      <line num="91" type="stmt" count="1"/>
      <line num="92" type="stmt" count="1"/>
      <line num="93" type="stmt" count="1"/>
      <line num="94" type="stmt" count="1"/>
      <line num="97" type="stmt" count="1"/>
      <line num="99" type="stmt" count="1"/>
      <line num="100" type="stmt" count="1"/>
      <line num="101" type="stmt" count="1"/>
      <line num="103" type="stmt" count="1"/>
      <line num="104" type="stmt" count="1"/>
      <line num="109" type="stmt" count="1"/>
      <line num="111" type="stmt" count="1"/>
      <line num="114" type="stmt" count="1"/>
      <line num="115" type="stmt" count="1"/>
      <line num="116" type="stmt" count="1"/>
      <line num="120" type="stmt" count="1"/>
      <line num="126" type="stmt" count="1"/>
      <line num="129" type="stmt" count="1"/>
      <line num="138" type="method" name="phpUnitCoverage" visibility="public" complexity="3" crap="3" count="1"/>
      <line num="141" type="stmt" count="1"/>
      <line num="142" type="stmt" count="1"/>
      <line num="143" type="stmt" count="1"/>
      <line num="144" type="stmt" count="1"/>
      <line num="146" type="stmt" count="1"/>
      <line num="147" type="stmt" count="1"/>
      <line num="150" type="stmt" count="1"/>
      <line num="158" type="stmt" count="1"/>
      <metrics loc="162" ncloc="138" classes="1" methods="3" coveredmethods="3" conditionals="0" coveredconditionals="0" statements="52" coveredstatements="52" elements="55" coveredelements="55"/>
    </file>
    <file name="/var/www/src/CustomRules/Sniffs/Commenting/AbstractSniff.php">
      <class name="Bruha\CodingStandard\CustomRules\Sniffs\Commenting\AbstractSniff" namespace="global">
        <metrics complexity="18" methods="4" coveredmethods="4" conditionals="0" coveredconditionals="0" statements="40" coveredstatements="40" elements="44" coveredelements="44"/>
      </class>
      <line num="45" type="method" name="getNamespaceName" visibility="protected" complexity="4" crap="4" count="8"/>
      <line num="47" type="stmt" count="8"/>
      <line num="48" type="stmt" count="8"/>
      <line num="49" type="stmt" count="8"/>
      <line num="51" type="stmt" count="8"/>
      <line num="53" type="stmt" count="8"/>
      <line num="54" type="stmt" count="8"/>
      <line num="56" type="stmt" count="8"/>
      <line num="57" type="stmt" count="8"/>
      <line num="59" type="stmt" count="8"/>
      <line num="60" type="stmt" count="8"/>
      <line num="63" type="stmt" count="8"/>
      <line num="67" type="stmt" count="8"/>
      <line num="76" type="method" name="getDocumentComment" visibility="protected" complexity="8" crap="8" count="10"/>
      <line num="78" type="stmt" count="10"/>
      <line num="79" type="stmt" count="10"/>
      <line num="80" type="stmt" count="10"/>
      <line num="82" type="stmt" count="10"/>
      <line num="83" type="stmt" count="7"/>
      <line num="84" type="stmt" count="7"/>
      <line num="86" type="stmt" count="7"/>
      <line num="87" type="stmt" count="7"/>
      <line num="88" type="stmt" count="7"/>
      <line num="89" type="stmt" count="7"/>
      <line num="90" type="stmt" count="7"/>
      <line num="92" type="stmt" count="7"/>
      <line num="93" type="stmt" count="7"/>
      <line num="96" type="stmt" count="7"/>
      <line num="97" type="stmt" count="7"/>
      <line num="102" type="stmt" count="10"/>
      <line num="113" type="method" name="processCommenting" visibility="protected" complexity="4" crap="4" count="8"/>
      <line num="115" type="stmt" count="8"/>
      <line num="117" type="stmt" count="8"/>
      <line num="118" type="stmt" count="8"/>
      <line num="120" type="stmt" count="8"/>
      <line num="121" type="stmt" count="8"/>
      <line num="123" type="stmt" count="8"/>
      <line num="124" type="stmt" count="4"/>
      <line num="125" type="stmt" count="4"/>
      <line num="133" type="stmt" count="8"/>
      <line num="145" type="method" name="replacePlaceholders" visibility="protected" complexity="2" crap="2" count="8"/>
      <line num="152" type="stmt" count="8"/>
      <line num="155" type="stmt" count="8"/>
      <line num="156" type="stmt" count="8"/>
      <metrics loc="164" ncloc="127" classes="1" methods="4" coveredmethods="4" conditionals="0" coveredconditionals="0" statements="40" coveredstatements="40" elements="44" coveredelements="44"/>
    </file>
    <file name="/var/www/src/CustomRules/Sniffs/Commenting/ClassSniff.php">
      <class name="Bruha\CodingStandard\CustomRules\Sniffs\Commenting\ClassSniff" namespace="global">
        <metrics complexity="2" methods="2" coveredmethods="2" conditionals="0" coveredconditionals="0" statements="3" coveredstatements="3" elements="5" coveredelements="5"/>
      </class>
      <line num="18" type="method" name="register" visibility="public" complexity="1" crap="1" count="2"/>
      <line num="20" type="stmt" count="2"/>
      <line num="29" type="method" name="process" visibility="public" complexity="1" crap="1" count="2"/>
      <line num="31" type="stmt" count="2"/>
      <line num="33" type="stmt" count="2"/>
      <metrics loc="37" ncloc="23" classes="1" methods="2" coveredmethods="2" conditionals="0" coveredconditionals="0" statements="3" coveredstatements="3" elements="5" coveredelements="5"/>
    </file>
    <file name="/var/www/src/CustomRules/Sniffs/Commenting/ConstructorSniff.php">
      <class name="Bruha\CodingStandard\CustomRules\Sniffs\Commenting\ConstructorSniff" namespace="global">
        <metrics complexity="6" methods="2" coveredmethods="2" conditionals="0" coveredconditionals="0" statements="13" coveredstatements="13" elements="15" coveredelements="15"/>
      </class>
      <line num="28" type="method" name="register" visibility="public" complexity="1" crap="1" count="2"/>
      <line num="30" type="stmt" count="2"/>
      <line num="39" type="method" name="process" visibility="public" complexity="5" crap="5" count="2"/>
      <line num="41" type="stmt" count="2"/>
      <line num="43" type="stmt" count="2"/>
      <line num="44" type="stmt" count="2"/>
      <line num="46" type="stmt" count="2"/>
      <line num="47" type="stmt" count="2"/>
      <line num="49" type="stmt" count="2"/>
      <line num="51" type="stmt" count="2"/>
      <line num="52" type="stmt" count="2"/>
      <line num="54" type="stmt" count="2"/>
      <line num="55" type="stmt" count="2"/>
      <line num="59" type="stmt" count="2"/>
      <line num="66" type="stmt" count="2"/>
      <metrics loc="70" ncloc="50" classes="1" methods="2" coveredmethods="2" conditionals="0" coveredconditionals="0" statements="13" coveredstatements="13" elements="15" coveredelements="15"/>
    </file>
    <file name="/var/www/src/CustomRules/Sniffs/Commenting/FunctionSniff.php">
      <class name="Bruha\CodingStandard\CustomRules\Sniffs\Commenting\FunctionSniff" namespace="global">
        <metrics complexity="4" methods="2" coveredmethods="2" conditionals="0" coveredconditionals="0" statements="5" coveredstatements="5" elements="7" coveredelements="7"/>
      </class>
      <line num="23" type="method" name="register" visibility="public" complexity="1" crap="1" count="2"/>
      <line num="25" type="stmt" count="2"/>
      <line num="34" type="method" name="process" visibility="public" complexity="3" crap="3" count="2"/>
      <line num="36" type="stmt" count="2"/>
      <line num="37" type="stmt" count="2"/>
      <line num="38" type="stmt" count="1"/>
      <line num="42" type="stmt" count="2"/>
      <metrics loc="46" ncloc="29" classes="1" methods="2" coveredmethods="2" conditionals="0" coveredconditionals="0" statements="5" coveredstatements="5" elements="7" coveredelements="7"/>
    </file>
    <file name="/var/www/src/CustomRules/Sniffs/Commenting/InterfaceSniff.php">
      <class name="Bruha\CodingStandard\CustomRules\Sniffs\Commenting\InterfaceSniff" namespace="global">
        <metrics complexity="2" methods="2" coveredmethods="2" conditionals="0" coveredconditionals="0" statements="3" coveredstatements="3" elements="5" coveredelements="5"/>
      </class>
      <line num="18" type="method" name="register" visibility="public" complexity="1" crap="1" count="2"/>
      <line num="20" type="stmt" count="2"/>
      <line num="29" type="method" name="process" visibility="public" complexity="1" crap="1" count="2"/>
      <line num="31" type="stmt" count="2"/>
      <line num="33" type="stmt" count="2"/>
      <metrics loc="37" ncloc="23" classes="1" methods="2" coveredmethods="2" conditionals="0" coveredconditionals="0" statements="3" coveredstatements="3" elements="5" coveredelements="5"/>
    </file>
    <file name="/var/www/src/CustomRules/Sniffs/Commenting/TraitSniff.php">
      <class name="Bruha\CodingStandard\CustomRules\Sniffs\Commenting\TraitSniff" namespace="global">
        <metrics complexity="2" methods="2" coveredmethods="2" conditionals="0" coveredconditionals="0" statements="3" coveredstatements="3" elements="5" coveredelements="5"/>
      </class>
      <line num="18" type="method" name="register" visibility="public" complexity="1" crap="1" count="2"/>
      <line num="20" type="stmt" count="2"/>
      <line num="29" type="method" name="process" visibility="public" complexity="1" crap="1" count="2"/>
      <line num="31" type="stmt" count="2"/>
      <line num="33" type="stmt" count="2"/>
      <metrics loc="37" ncloc="23" classes="1" methods="2" coveredmethods="2" conditionals="0" coveredconditionals="0" statements="3" coveredstatements="3" elements="5" coveredelements="5"/>
    </file>
    <file name="/var/www/src/CustomRules/Sniffs/Functions/TestSniff.php">
      <class name="Bruha\CodingStandard\CustomRules\Sniffs\Functions\TestSniff" namespace="global">
        <metrics complexity="15" methods="2" coveredmethods="2" conditionals="0" coveredconditionals="0" statements="30" coveredstatements="30" elements="32" coveredelements="32"/>
      </class>
      <line num="19" type="method" name="register" visibility="public" complexity="1" crap="1" count="2"/>
      <line num="21" type="stmt" count="2"/>
      <line num="30" type="method" name="process" visibility="public" complexity="14" crap="14" count="2"/>
      <line num="32" type="stmt" count="2"/>
      <line num="33" type="stmt" count="2"/>
      <line num="34" type="stmt" count="2"/>
      <line num="36" type="stmt" count="2"/>
      <line num="37" type="stmt" count="2"/>
      <line num="38" type="stmt" count="2"/>
      <line num="40" type="stmt" count="2"/>
      <line num="41" type="stmt" count="2"/>
      <line num="42" type="stmt" count="2"/>
      <line num="43" type="stmt" count="1"/>
      <line num="45" type="stmt" count="2"/>
      <line num="47" type="stmt" count="2"/>
      <line num="48" type="stmt" count="2"/>
      <line num="50" type="stmt" count="2"/>
      <line num="51" type="stmt" count="2"/>
      <line num="52" type="stmt" count="2"/>
      <line num="53" type="stmt" count="2"/>
      <line num="54" type="stmt" count="2"/>
      <line num="56" type="stmt" count="2"/>
      <line num="57" type="stmt" count="1"/>
      <line num="62" type="stmt" count="2"/>
      <line num="63" type="stmt" count="1"/>
      <line num="69" type="stmt" count="2"/>
      <line num="72" type="stmt" count="2"/>
      <line num="73" type="stmt" count="1"/>
      <line num="74" type="stmt" count="1"/>
      <line num="81" type="stmt" count="1"/>
      <line num="82" type="stmt" count="1"/>
      <line num="91" type="stmt" count="2"/>
      <metrics loc="95" ncloc="81" classes="1" methods="2" coveredmethods="2" conditionals="0" coveredconditionals="0" statements="30" coveredstatements="30" elements="32" coveredelements="32"/>
    </file>
    <file name="/var/www/src/CustomRules/Sniffs/Strings/ConcatenationSniff.php">
      <class name="Bruha\CodingStandard\CustomRules\Sniffs\Strings\ConcatenationSniff" namespace="global">
        <metrics complexity="4" methods="2" coveredmethods="2" conditionals="0" coveredconditionals="0" statements="6" coveredstatements="6" elements="8" coveredelements="8"/>
      </class>
      <line num="36" type="method" name="register" visibility="public" complexity="1" crap="1" count="2"/>
      <line num="38" type="stmt" count="2"/>
      <line num="47" type="method" name="process" visibility="public" complexity="3" crap="3" count="2"/>
      <line num="49" type="stmt" count="2"/>
      <line num="50" type="stmt" count="2"/>
      <line num="52" type="stmt" count="2"/>
      <line num="53" type="stmt" count="1"/>
      <line num="56" type="stmt" count="2"/>
      <metrics loc="60" ncloc="40" classes="1" methods="2" coveredmethods="2" conditionals="0" coveredconditionals="0" statements="6" coveredstatements="6" elements="8" coveredelements="8"/>
    </file>
    <metrics files="12" loc="957" ncloc="711" classes="12" methods="28" coveredmethods="28" conditionals="0" coveredconditionals="0" statements="194" coveredstatements="194" elements="222" coveredelements="222"/>
  </project>
</coverage>
